[14/Jun/2020:09:52:59 +0000] :File: ./src/socket.c, Line: 00179:  tcp bind port 20001
[14/Jun/2020:09:53:08 +0000] :File: ./src/socket.c, Line: 00179:  tcp bind port 20001
[14/Jun/2020:09:53:50 +0000] :File: ./src/socket.c, Line: 00179:  tcp bind port 20001
[14/Jun/2020:09:53:54 +0000] :File: ./src/main.c, Line: 00424:  client index: 0 total_connections: 1 maxi: 0 connfd ip: 127.0.0.1
[14/Jun/2020:09:53:56 +0000] :File: ./src/main.c, Line: 00446:  client close ip: 127.0.0.1 port 0
[14/Jun/2020:09:54:11 +0000] :File: ./src/main.c, Line: 00424:  client index: 0 total_connections: 1 maxi: 0 connfd ip: 127.0.0.1
[14/Jun/2020:09:54:15 +0000] :File: ./src/main.c, Line: 00446:  client close ip: 127.0.0.1 port 0
[14/Jun/2020:09:54:39 +0000] :File: ./src/main.c, Line: 00424:  client index: 0 total_connections: 1 maxi: 0 connfd ip: 127.0.0.1
[14/Jun/2020:09:54:43 +0000] :File: ./src/main.c, Line: 00446:  client close ip: 127.0.0.1 port 0
[14/Jun/2020:09:55:38 +0000] :File: ./src/main.c, Line: 00424:  client index: 0 total_connections: 1 maxi: 0 connfd ip: 127.0.0.1
[14/Jun/2020:09:55:46 +0000] :File: ./src/main.c, Line: 00267:  process_msg 2005
[14/Jun/2020:09:55:48 +0000] :File: ./src/main.c, Line: 00161:  make file: test.img torrent success 
[14/Jun/2020:09:56:35 +0000] :File: ./src/socket.c, Line: 00179:  tcp bind port 20001
[14/Jun/2020:09:56:42 +0000] :File: ./src/main.c, Line: 00424:  client index: 0 total_connections: 1 maxi: 0 connfd ip: 127.0.0.1
[14/Jun/2020:09:56:50 +0000] :File: ./src/main.c, Line: 00267:  process_msg 2005
[14/Jun/2020:09:56:52 +0000] :File: ./src/main.c, Line: 00161:  make file: test.img torrent success 
[14/Jun/2020:09:56:59 +0000] :File: ./src/main.c, Line: 00446:  client close ip: 127.0.0.1 port 0
[14/Jun/2020:09:58:57 +0000] :File: ./src/socket.c, Line: 00179:  tcp bind port 20001
[14/Jun/2020:09:59:00 +0000] :File: ./src/main.c, Line: 00424:  client index: 0 total_connections: 1 maxi: 0 connfd ip: 127.0.0.1
[14/Jun/2020:09:59:10 +0000] :File: ./src/main.c, Line: 00267:  process_msg 2005
[14/Jun/2020:09:59:12 +0000] :File: ./src/main.c, Line: 00161:  make file: test.img torrent success 
[14/Jun/2020:09:59:22 +0000] :File: ./src/main.c, Line: 00446:  client close ip: 127.0.0.1 port 0
[14/Jun/2020:10:53:45 +0000] :File: ./src/socket.c, Line: 00179:  tcp bind port 20001
[14/Jun/2020:10:53:45 +0000] :File: ./src/socket.c, Line: 00192:  unable to bind
[14/Jun/2020:10:54:05 +0000] :File: ./src/socket.c, Line: 00179:  tcp bind port 20001
[14/Jun/2020:10:54:13 +0000] :File: ./src/main.c, Line: 00424:  client index: 0 total_connections: 1 maxi: 0 connfd ip: 127.0.0.1
[14/Jun/2020:10:54:19 +0000] :File: ./src/main.c, Line: 00446:  client close ip: 127.0.0.1 port 0
[14/Jun/2020:10:54:23 +0000] :File: ./src/main.c, Line: 00424:  client index: 0 total_connections: 1 maxi: 0 connfd ip: 127.0.0.1
[14/Jun/2020:10:54:25 +0000] :File: ./src/main.c, Line: 00446:  client close ip: 127.0.0.1 port 0
[14/Jun/2020:10:54:59 +0000] :File: ./src/main.c, Line: 00424:  client index: 0 total_connections: 1 maxi: 0 connfd ip: 127.0.0.1
[14/Jun/2020:10:55:03 +0000] :File: ./src/main.c, Line: 00446:  client close ip: 127.0.0.1 port 0
[14/Jun/2020:10:55:04 +0000] :File: ./src/main.c, Line: 00424:  client index: 0 total_connections: 1 maxi: 0 connfd ip: 127.0.0.1
[14/Jun/2020:10:55:09 +0000] :File: ./src/main.c, Line: 00446:  client close ip: 127.0.0.1 port 0
[14/Jun/2020:10:56:56 +0000] :File: ./src/main.c, Line: 00424:  client index: 0 total_connections: 1 maxi: 0 connfd ip: 127.0.0.1
[14/Jun/2020:10:56:57 +0000] :File: ./src/main.c, Line: 00267:  process_msg 2002
[14/Jun/2020:10:57:02 +0000] :File: ./src/main.c, Line: 00267:  process_msg 2003
[14/Jun/2020:10:57:02 +0000] :File: ./src/main.c, Line: 00238:  torrent or save_path is NULL error
[14/Jun/2020:10:57:07 +0000] :File: ./src/main.c, Line: 00446:  client close ip: 127.0.0.1 port 0
[14/Jun/2020:10:59:15 +0000] :File: ./src/socket.c, Line: 00179:  tcp bind port 20001
[14/Jun/2020:10:59:16 +0000] :File: ./src/main.c, Line: 00429:  client index: 0 total_connections: 1 maxi: 0 connfd ip: 127.0.0.1
[14/Jun/2020:10:59:20 +0000] :File: ./src/main.c, Line: 00272:  process_msg 2002
[14/Jun/2020:10:59:20 +0000] :File: ./src/main.c, Line: 00262:  tracker 192.168.1.11:1337
[14/Jun/2020:10:59:27 +0000] :File: ./src/main.c, Line: 00451:  client close ip: 127.0.0.1 port 0
[14/Jun/2020:10:59:39 +0000] :File: ./src/socket.c, Line: 00179:  tcp bind port 20001
[14/Jun/2020:10:59:42 +0000] :File: ./src/main.c, Line: 00429:  client index: 0 total_connections: 1 maxi: 0 connfd ip: 127.0.0.1
[14/Jun/2020:10:59:45 +0000] :File: ./src/main.c, Line: 00272:  process_msg 2002
[14/Jun/2020:10:59:45 +0000] :File: ./src/main.c, Line: 00262:  tracker 192.168.1.11:1337
[14/Jun/2020:11:00:01 +0000] :File: ./src/main.c, Line: 00272:  process_msg 2005
[14/Jun/2020:11:00:02 +0000] :File: ./src/main.c, Line: 00161:  make file: test.img torrent success 
[14/Jun/2020:11:00:42 +0000] :File: ./src/socket.c, Line: 00179:  tcp bind port 20001
[14/Jun/2020:11:01:54 +0000] :File: ./src/socket.c, Line: 00179:  tcp bind port 20001
[14/Jun/2020:12:21:31 +0000] :File: ./src/socket.c, Line: 00179:  tcp bind port 20001
[14/Jun/2020:12:21:34 +0000] :File: ./src/main.c, Line: 00429:  client index: 0 total_connections: 1 maxi: 0 connfd ip: 127.0.0.1
[14/Jun/2020:12:22:23 +0000] :File: ./src/socket.c, Line: 00179:  tcp bind port 20001
[14/Jun/2020:12:22:27 +0000] :File: ./src/main.c, Line: 00427:  client index: 0 total_connections: 1 maxi: 0 connfd ip: 127.0.0.1
[14/Jun/2020:12:22:28 +0000] :File: ./src/main.c, Line: 00270:  process_msg 2003
[14/Jun/2020:12:22:28 +0000] :File: ./src/main.c, Line: 00238:  torrent or save_path is NULL error
[14/Jun/2020:12:22:28 +0000] :File: ./src/main.c, Line: 00449:  client close ip: 127.0.0.1 port 0
[14/Jun/2020:12:22:51 +0000] :File: ./src/main.c, Line: 00427:  client index: 0 total_connections: 1 maxi: 0 connfd ip: 127.0.0.1
[14/Jun/2020:12:23:00 +0000] :File: ./src/main.c, Line: 00270:  process_msg 2003
[14/Jun/2020:12:23:00 +0000] :File: ./src/main.c, Line: 00238:  torrent or save_path is NULL error
[14/Jun/2020:12:23:00 +0000] :File: ./src/main.c, Line: 00449:  client close ip: 127.0.0.1 port 0
[14/Jun/2020:12:24:03 +0000] :File: ./src/socket.c, Line: 00179:  tcp bind port 20001
[14/Jun/2020:12:24:08 +0000] :File: ./src/main.c, Line: 00427:  client index: 0 total_connections: 1 maxi: 0 connfd ip: 127.0.0.1
[14/Jun/2020:12:24:15 +0000] :File: ./src/main.c, Line: 00270:  process_msg 2003
[14/Jun/2020:12:24:15 +0000] :File: ./src/main.c, Line: 00449:  client close ip: 127.0.0.1 port 0
[14/Jun/2020:12:25:52 +0000] :File: ./src/socket.c, Line: 00179:  tcp bind port 20001
[14/Jun/2020:12:25:57 +0000] :File: ./src/main.c, Line: 00427:  client index: 0 total_connections: 1 maxi: 0 connfd ip: 127.0.0.1
[14/Jun/2020:12:26:17 +0000] :File: ./src/main.c, Line: 00270:  process_msg 2003
[14/Jun/2020:12:26:31 +0000] :File: ./src/socket.c, Line: 00179:  tcp bind port 20001
[14/Jun/2020:12:26:33 +0000] :File: ./src/main.c, Line: 00427:  client index: 0 total_connections: 1 maxi: 0 connfd ip: 127.0.0.1
[14/Jun/2020:12:26:46 +0000] :File: ./src/main.c, Line: 00270:  process_msg 2003
[14/Jun/2020:12:26:46 +0000] :File: ./src/main.c, Line: 00449:  client close ip: 127.0.0.1 port 0
[14/Jun/2020:12:33:09 +0000] :File: ./src/socket.c, Line: 00179:  tcp bind port 20001
[14/Jun/2020:12:33:10 +0000] :File: ./src/main.c, Line: 00427:  client index: 0 total_connections: 1 maxi: 0 connfd ip: 127.0.0.1
[14/Jun/2020:12:33:27 +0000] :File: ./src/main.c, Line: 00270:  process_msg 2003
[14/Jun/2020:12:33:42 +0000] :File: ./src/socket.c, Line: 00179:  tcp bind port 20001
[14/Jun/2020:12:33:44 +0000] :File: ./src/main.c, Line: 00427:  client index: 0 total_connections: 1 maxi: 0 connfd ip: 127.0.0.1
[14/Jun/2020:12:33:56 +0000] :File: ./src/main.c, Line: 00270:  process_msg 2003
[14/Jun/2020:12:33:56 +0000] :File: ./src/main.c, Line: 00449:  client close ip: 127.0.0.1 port 0
[14/Jun/2020:12:34:11 +0000] :File: ./src/main.c, Line: 00427:  client index: 0 total_connections: 1 maxi: 0 connfd ip: 127.0.0.1
[14/Jun/2020:12:34:12 +0000] :File: ./src/main.c, Line: 00270:  process_msg 2006
[14/Jun/2020:12:34:12 +0000] :File: ./src/main.c, Line: 00130:  cli->data_buf {
	"torrent_id":	4294967295
}/ysr/
[14/Jun/2020:12:34:17 +0000] :File: ./src/main.c, Line: 00270:  process_msg 2006
[14/Jun/2020:12:34:17 +0000] :File: ./src/main.c, Line: 00130:  cli->data_buf {
	"torrent_id":	4294967295
}/ysr/
[14/Jun/2020:12:34:18 +0000] :File: ./src/main.c, Line: 00270:  process_msg 2006
[14/Jun/2020:12:34:18 +0000] :File: ./src/main.c, Line: 00130:  cli->data_buf {
	"torrent_id":	4294967295
}/ysr/
[14/Jun/2020:12:34:19 +0000] :File: ./src/main.c, Line: 00270:  process_msg 2006
[14/Jun/2020:12:34:19 +0000] :File: ./src/main.c, Line: 00130:  cli->data_buf {
	"torrent_id":	4294967295
}/ysr/
[14/Jun/2020:12:34:21 +0000] :File: ./src/main.c, Line: 00270:  process_msg 2006
[14/Jun/2020:12:34:21 +0000] :File: ./src/main.c, Line: 00130:  cli->data_buf {
	"torrent_id":	4294967295
}/ysr/
[14/Jun/2020:12:34:23 +0000] :File: ./src/main.c, Line: 00270:  process_msg 2006
[14/Jun/2020:12:34:23 +0000] :File: ./src/main.c, Line: 00130:  cli->data_buf {
	"torrent_id":	4294967295
}/ysr/
[14/Jun/2020:12:34:23 +0000] :File: ./src/main.c, Line: 00270:  process_msg 2006
[14/Jun/2020:12:34:23 +0000] :File: ./src/main.c, Line: 00130:  cli->data_buf {
	"torrent_id":	4294967295
}/ysr/
[14/Jun/2020:12:34:24 +0000] :File: ./src/main.c, Line: 00449:  client close ip: 127.0.0.1 port 0
[14/Jun/2020:12:35:08 +0000] :File: ./src/socket.c, Line: 00179:  tcp bind port 20001
[14/Jun/2020:12:35:09 +0000] :File: ./src/main.c, Line: 00427:  client index: 0 total_connections: 1 maxi: 0 connfd ip: 127.0.0.1
[14/Jun/2020:12:35:26 +0000] :File: ./src/main.c, Line: 00270:  process_msg 2003
[14/Jun/2020:12:35:26 +0000] :File: ./src/main.c, Line: 00449:  client close ip: 127.0.0.1 port 0
[14/Jun/2020:12:36:25 +0000] :File: ./src/socket.c, Line: 00179:  tcp bind port 20001
[14/Jun/2020:12:36:29 +0000] :File: ./src/main.c, Line: 00427:  client index: 0 total_connections: 1 maxi: 0 connfd ip: 127.0.0.1
[14/Jun/2020:12:36:46 +0000] :File: ./src/main.c, Line: 00449:  client close ip: 127.0.0.1 port 0
[14/Jun/2020:12:37:06 +0000] :File: ./src/socket.c, Line: 00179:  tcp bind port 20001
[14/Jun/2020:12:37:08 +0000] :File: ./src/main.c, Line: 00427:  client index: 0 total_connections: 1 maxi: 0 connfd ip: 127.0.0.1
[14/Jun/2020:12:37:22 +0000] :File: ./src/main.c, Line: 00270:  process_msg 2003
[14/Jun/2020:12:37:22 +0000] :File: ./src/main.c, Line: 00449:  client close ip: 127.0.0.1 port 0
[14/Jun/2020:12:40:17 +0000] :File: ./src/socket.c, Line: 00179:  tcp bind port 20001
[14/Jun/2020:12:40:18 +0000] :File: ./src/main.c, Line: 00427:  client index: 0 total_connections: 1 maxi: 0 connfd ip: 127.0.0.1
[14/Jun/2020:12:40:24 +0000] :File: ./src/main.c, Line: 00270:  process_msg 2003
[14/Jun/2020:12:40:24 +0000] :File: ./src/main.c, Line: 00449:  client close ip: 127.0.0.1 port 0
[14/Jun/2020:12:40:49 +0000] :File: ./src/socket.c, Line: 00179:  tcp bind port 20001
[14/Jun/2020:12:40:50 +0000] :File: ./src/main.c, Line: 00427:  client index: 0 total_connections: 1 maxi: 0 connfd ip: 127.0.0.1
[14/Jun/2020:12:40:55 +0000] :File: ./src/main.c, Line: 00270:  process_msg 2003
[14/Jun/2020:12:40:55 +0000] :File: ./src/main.c, Line: 00449:  client close ip: 127.0.0.1 port 0
[14/Jun/2020:12:41:18 +0000] :File: ./src/socket.c, Line: 00179:  tcp bind port 20001
[14/Jun/2020:12:41:29 +0000] :File: ./src/socket.c, Line: 00179:  tcp bind port 20001
[14/Jun/2020:12:41:32 +0000] :File: ./src/main.c, Line: 00427:  client index: 0 total_connections: 1 maxi: 0 connfd ip: 127.0.0.1
[14/Jun/2020:12:41:45 +0000] :File: ./src/main.c, Line: 00270:  process_msg 2003
[14/Jun/2020:12:41:45 +0000] :File: ./src/main.c, Line: 00449:  client close ip: 127.0.0.1 port 0
[14/Jun/2020:12:43:23 +0000] :File: ./src/socket.c, Line: 00179:  tcp bind port 20001
[14/Jun/2020:12:43:24 +0000] :File: ./src/main.c, Line: 00427:  client index: 0 total_connections: 1 maxi: 0 connfd ip: 127.0.0.1
[14/Jun/2020:12:43:40 +0000] :File: ./src/main.c, Line: 00270:  process_msg 2005
[14/Jun/2020:12:43:42 +0000] :File: ./src/main.c, Line: 00161:  make file: test.img torrent success 
[14/Jun/2020:12:43:49 +0000] :File: ./src/main.c, Line: 00270:  process_msg 2003
[14/Jun/2020:12:45:58 +0000] :File: ./src/socket.c, Line: 00179:  tcp bind port 20001
[14/Jun/2020:12:47:09 +0000] :File: ./src/main.c, Line: 00427:  client index: 0 total_connections: 1 maxi: 0 connfd ip: 127.0.0.1
[14/Jun/2020:12:47:17 +0000] :File: ./src/main.c, Line: 00449:  client close ip: 127.0.0.1 port 0
[14/Jun/2020:12:47:22 +0000] :File: ./src/main.c, Line: 00427:  client index: 0 total_connections: 1 maxi: 0 connfd ip: 127.0.0.1
[14/Jun/2020:12:47:28 +0000] :File: ./src/main.c, Line: 00270:  process_msg 2003
[14/Jun/2020:12:47:33 +0000] :File: ./src/main.c, Line: 00449:  client close ip: 127.0.0.1 port 0
[14/Jun/2020:12:48:52 +0000] :File: ./src/main.c, Line: 00427:  client index: 0 total_connections: 1 maxi: 0 connfd ip: 127.0.0.1
[14/Jun/2020:12:48:53 +0000] :File: ./src/main.c, Line: 00270:  process_msg 2006
[14/Jun/2020:12:48:53 +0000] :File: ./src/main.c, Line: 00130:  cli->data_buf {
	"torrent_id":	4151705658
}
[14/Jun/2020:12:48:59 +0000] :File: ./src/main.c, Line: 00270:  process_msg 2006
[14/Jun/2020:12:48:59 +0000] :File: ./src/main.c, Line: 00130:  cli->data_buf {
	"torrent_id":	4151705658
}
[14/Jun/2020:12:49:48 +0000] :File: ./src/socket.c, Line: 00179:  tcp bind port 20001
[14/Jun/2020:12:49:50 +0000] :File: ./src/main.c, Line: 00427:  client index: 0 total_connections: 1 maxi: 0 connfd ip: 127.0.0.1
[14/Jun/2020:12:49:58 +0000] :File: ./src/main.c, Line: 00270:  process_msg 2003
[14/Jun/2020:12:50:01 +0000] :File: ./src/main.c, Line: 00270:  process_msg 2006
[14/Jun/2020:12:50:01 +0000] :File: ./src/main.c, Line: 00130:  cli->data_buf {
	"torrent_id":	4151705658
}
[14/Jun/2020:12:50:08 +0000] :File: ./src/main.c, Line: 00270:  process_msg 2006
[14/Jun/2020:12:50:08 +0000] :File: ./src/main.c, Line: 00130:  cli->data_buf {
	"torrent_id":	3719299107
}
[14/Jun/2020:12:50:09 +0000] :File: ./src/main.c, Line: 00270:  process_msg 2006
[14/Jun/2020:12:50:09 +0000] :File: ./src/main.c, Line: 00130:  cli->data_buf {
	"torrent_id":	3719299107
}
[14/Jun/2020:12:52:00 +0000] :File: ./src/socket.c, Line: 00179:  tcp bind port 20001
[14/Jun/2020:12:52:01 +0000] :File: ./src/main.c, Line: 00427:  client index: 0 total_connections: 1 maxi: 0 connfd ip: 127.0.0.1
[14/Jun/2020:12:52:07 +0000] :File: ./src/main.c, Line: 00270:  process_msg 2003
[14/Jun/2020:12:52:17 +0000] :File: ./src/main.c, Line: 00270:  process_msg 2006
[14/Jun/2020:12:52:17 +0000] :File: ./src/main.c, Line: 00130:  cli->data_buf {
	"torrent_id":	4294967295
}
[14/Jun/2020:12:52:24 +0000] :File: ./src/main.c, Line: 00270:  process_msg 2006
[14/Jun/2020:12:52:24 +0000] :File: ./src/main.c, Line: 00130:  cli->data_buf {
	"torrent_id":	3839623203
}
[14/Jun/2020:12:53:28 +0000] :File: ./src/socket.c, Line: 00179:  tcp bind port 20001
[14/Jun/2020:12:53:31 +0000] :File: ./src/main.c, Line: 00427:  client index: 0 total_connections: 1 maxi: 0 connfd ip: 127.0.0.1
[14/Jun/2020:12:53:36 +0000] :File: ./src/main.c, Line: 00270:  process_msg 2003
[14/Jun/2020:12:53:37 +0000] :File: ./src/main.c, Line: 00270:  process_msg 2006
[14/Jun/2020:12:53:37 +0000] :File: ./src/main.c, Line: 00130:  cli->data_buf {
	"torrent_id":	4294967295
}
[14/Jun/2020:12:53:42 +0000] :File: ./src/main.c, Line: 00270:  process_msg 2006
[14/Jun/2020:12:53:42 +0000] :File: ./src/main.c, Line: 00130:  cli->data_buf {
	"torrent_id":	2147483648
}
[14/Jun/2020:12:53:44 +0000] :File: ./src/main.c, Line: 00270:  process_msg 2006
[14/Jun/2020:12:53:44 +0000] :File: ./src/main.c, Line: 00130:  cli->data_buf {
	"torrent_id":	2147483648
}
[14/Jun/2020:12:53:46 +0000] :File: ./src/main.c, Line: 00270:  process_msg 2006
[14/Jun/2020:12:53:46 +0000] :File: ./src/main.c, Line: 00130:  cli->data_buf {
	"torrent_id":	2147483648
}
[14/Jun/2020:12:57:44 +0000] :File: ./src/socket.c, Line: 00179:  tcp bind port 20001
[14/Jun/2020:12:57:48 +0000] :File: ./src/main.c, Line: 00429:  client index: 0 total_connections: 1 maxi: 0 connfd ip: 127.0.0.1
[14/Jun/2020:12:57:54 +0000] :File: ./src/main.c, Line: 00272:  process_msg 2003
[14/Jun/2020:12:57:57 +0000] :File: ./src/main.c, Line: 00272:  process_msg 2006
[14/Jun/2020:12:57:57 +0000] :File: ./src/main.c, Line: 00130:  cli->data_buf {
	"torrent_id":	4294967295
}
[14/Jun/2020:13:01:09 +0000] :File: ./src/socket.c, Line: 00179:  tcp bind port 20001
[14/Jun/2020:13:01:13 +0000] :File: ./src/main.c, Line: 00432:  client index: 0 total_connections: 1 maxi: 0 connfd ip: 127.0.0.1
[14/Jun/2020:13:01:18 +0000] :File: ./src/main.c, Line: 00275:  process_msg 2003
[14/Jun/2020:13:01:19 +0000] :File: ./src/main.c, Line: 00275:  process_msg 2006
[14/Jun/2020:13:01:19 +0000] :File: ./src/main.c, Line: 00130:  cli->data_buf {
	"torrent_id":	"4294967295"
}
[14/Jun/2020:13:01:27 +0000] :File: ./src/main.c, Line: 00275:  process_msg 2006
[14/Jun/2020:13:01:27 +0000] :File: ./src/main.c, Line: 00130:  cli->data_buf {
	"torrent_id":	"3264610364"
}
[14/Jun/2020:13:01:34 +0000] :File: ./src/main.c, Line: 00275:  process_msg 2006
[14/Jun/2020:13:01:34 +0000] :File: ./src/main.c, Line: 00130:  cli->data_buf {
	"torrent_id":	"3264610364"
}
[14/Jun/2020:13:01:35 +0000] :File: ./src/main.c, Line: 00275:  process_msg 2006
[14/Jun/2020:13:01:35 +0000] :File: ./src/main.c, Line: 00130:  cli->data_buf {
	"torrent_id":	"3264610364"
}
[14/Jun/2020:13:01:37 +0000] :File: ./src/main.c, Line: 00275:  process_msg 2006
[14/Jun/2020:13:01:37 +0000] :File: ./src/main.c, Line: 00130:  cli->data_buf {
	"torrent_id":	"3264610364"
}
[14/Jun/2020:13:02:48 +0000] :File: ./src/socket.c, Line: 00179:  tcp bind port 20001
[14/Jun/2020:13:02:51 +0000] :File: ./src/main.c, Line: 00432:  client index: 0 total_connections: 1 maxi: 0 connfd ip: 127.0.0.1
[14/Jun/2020:13:02:55 +0000] :File: ./src/main.c, Line: 00275:  process_msg 2003
[14/Jun/2020:13:02:56 +0000] :File: ./src/main.c, Line: 00275:  process_msg 2006
[14/Jun/2020:13:02:56 +0000] :File: ./src/main.c, Line: 00130:  cli->data_buf {
	"torrent_id":	"4294967295"
}
[14/Jun/2020:13:02:59 +0000] :File: ./src/main.c, Line: 00275:  process_msg 2006
[14/Jun/2020:13:02:59 +0000] :File: ./src/main.c, Line: 00130:  cli->data_buf {
	"torrent_id":	"4131586106"
}
[14/Jun/2020:13:03:04 +0000] :File: ./src/main.c, Line: 00275:  process_msg 2006
[14/Jun/2020:13:03:04 +0000] :File: ./src/main.c, Line: 00130:  cli->data_buf {
	"torrent_id":	"4131586106"
}
[14/Jun/2020:13:03:41 +0000] :File: ./src/socket.c, Line: 00179:  tcp bind port 20001
[14/Jun/2020:13:03:43 +0000] :File: ./src/socket.c, Line: 00179:  tcp bind port 20001
[14/Jun/2020:13:03:43 +0000] :File: ./src/socket.c, Line: 00192:  unable to bind
[14/Jun/2020:13:03:46 +0000] :File: ./src/main.c, Line: 00432:  client index: 0 total_connections: 1 maxi: 0 connfd ip: 127.0.0.1
[14/Jun/2020:13:03:54 +0000] :File: ./src/main.c, Line: 00275:  process_msg 2003
[14/Jun/2020:13:03:58 +0000] :File: ./src/main.c, Line: 00275:  process_msg 2006
[14/Jun/2020:13:03:58 +0000] :File: ./src/main.c, Line: 00130:  cli->data_buf {
	"torrent_id":	"4294967295"
}
[14/Jun/2020:13:04:01 +0000] :File: ./src/main.c, Line: 00275:  process_msg 2006
[14/Jun/2020:13:04:01 +0000] :File: ./src/main.c, Line: 00130:  cli->data_buf {
	"torrent_id":	"3742826551"
}
[14/Jun/2020:13:04:03 +0000] :File: ./src/main.c, Line: 00275:  process_msg 2006
[14/Jun/2020:13:04:03 +0000] :File: ./src/main.c, Line: 00130:  cli->data_buf {
	"torrent_id":	"3742826551"
}
[14/Jun/2020:13:05:37 +0000] :File: ./src/socket.c, Line: 00179:  tcp bind port 20001
[14/Jun/2020:13:05:42 +0000] :File: ./src/main.c, Line: 00434:  client index: 0 total_connections: 1 maxi: 0 connfd ip: 127.0.0.1
[14/Jun/2020:13:05:49 +0000] :File: ./src/main.c, Line: 00277:  process_msg 2003
[14/Jun/2020:13:05:52 +0000] :File: ./src/main.c, Line: 00277:  process_msg 2006
[14/Jun/2020:13:05:52 +0000] :File: ./src/main.c, Line: 00130:  cli->data_buf {
	"torrent_id":	"4294967295"
}
[14/Jun/2020:13:05:54 +0000] :File: ./src/main.c, Line: 00277:  process_msg 2006
[14/Jun/2020:13:05:54 +0000] :File: ./src/main.c, Line: 00130:  cli->data_buf {
	"torrent_id":	"3284664355"
}
[14/Jun/2020:13:05:56 +0000] :File: ./src/main.c, Line: 00277:  process_msg 2006
[14/Jun/2020:13:05:56 +0000] :File: ./src/main.c, Line: 00130:  cli->data_buf {
	"torrent_id":	"3284664355"
}
[14/Jun/2020:13:05:57 +0000] :File: ./src/main.c, Line: 00277:  process_msg 2006
[14/Jun/2020:13:05:57 +0000] :File: ./src/main.c, Line: 00130:  cli->data_buf {
	"torrent_id":	"3284664355"
}
[14/Jun/2020:13:05:57 +0000] :File: ./src/main.c, Line: 00277:  process_msg 2006
[14/Jun/2020:13:05:57 +0000] :File: ./src/main.c, Line: 00130:  cli->data_buf {
	"torrent_id":	"3284664355"
}
[14/Jun/2020:13:05:58 +0000] :File: ./src/main.c, Line: 00277:  process_msg 2006
[14/Jun/2020:13:05:58 +0000] :File: ./src/main.c, Line: 00130:  cli->data_buf {
	"torrent_id":	"3284664355"
}
[14/Jun/2020:13:05:59 +0000] :File: ./src/main.c, Line: 00277:  process_msg 2006
[14/Jun/2020:13:05:59 +0000] :File: ./src/main.c, Line: 00130:  cli->data_buf {
	"torrent_id":	"3284664355"
}
[14/Jun/2020:13:06:00 +0000] :File: ./src/main.c, Line: 00277:  process_msg 2006
[14/Jun/2020:13:06:00 +0000] :File: ./src/main.c, Line: 00130:  cli->data_buf {
	"torrent_id":	"3284664355"
}
[14/Jun/2020:13:06:00 +0000] :File: ./src/main.c, Line: 00277:  process_msg 2006
[14/Jun/2020:13:06:00 +0000] :File: ./src/main.c, Line: 00130:  cli->data_buf {
	"torrent_id":	"3284664355"
}
[14/Jun/2020:13:06:01 +0000] :File: ./src/main.c, Line: 00277:  process_msg 2006
[14/Jun/2020:13:06:01 +0000] :File: ./src/main.c, Line: 00130:  cli->data_buf {
	"torrent_id":	"3284664355"
}
[14/Jun/2020:13:06:01 +0000] :File: ./src/main.c, Line: 00277:  process_msg 2006
[14/Jun/2020:13:06:01 +0000] :File: ./src/main.c, Line: 00130:  cli->data_buf {
	"torrent_id":	"3284664355"
}
[14/Jun/2020:13:06:01 +0000] :File: ./src/main.c, Line: 00277:  process_msg 2006
[14/Jun/2020:13:06:01 +0000] :File: ./src/main.c, Line: 00130:  cli->data_buf {
	"torrent_id":	"3284664355"
}
[14/Jun/2020:13:29:36 +0000] :File: ./src/socket.c, Line: 00179:  tcp bind port 20001
[14/Jun/2020:13:29:41 +0000] :File: ./src/main.c, Line: 00442:  client index: 0 total_connections: 1 maxi: 0 connfd ip: 127.0.0.1
[14/Jun/2020:13:29:47 +0000] :File: ./src/main.c, Line: 00285:  process_msg 2003
[14/Jun/2020:13:29:49 +0000] :File: ./src/main.c, Line: 00285:  process_msg 2006
[14/Jun/2020:13:29:49 +0000] :File: ./src/main.c, Line: 00136:  cli->data_buf {
	"torrent_id":	"4294967295"
}
[14/Jun/2020:13:29:51 +0000] :File: ./src/main.c, Line: 00285:  process_msg 2006
[14/Jun/2020:13:29:51 +0000] :File: ./src/main.c, Line: 00136:  cli->data_buf {
	"torrent_id":	"3313631334"
}
[14/Jun/2020:13:29:53 +0000] :File: ./src/main.c, Line: 00285:  process_msg 2006
[14/Jun/2020:13:29:53 +0000] :File: ./src/main.c, Line: 00136:  cli->data_buf {
	"torrent_id":	"3313631334"
}
[14/Jun/2020:13:29:54 +0000] :File: ./src/main.c, Line: 00285:  process_msg 2006
[14/Jun/2020:13:29:54 +0000] :File: ./src/main.c, Line: 00136:  cli->data_buf {
	"torrent_id":	"3313631334"
}
[14/Jun/2020:13:29:55 +0000] :File: ./src/main.c, Line: 00285:  process_msg 2006
[14/Jun/2020:13:29:55 +0000] :File: ./src/main.c, Line: 00136:  cli->data_buf {
	"torrent_id":	"3313631334"
}
[14/Jun/2020:13:29:56 +0000] :File: ./src/main.c, Line: 00285:  process_msg 2006
[14/Jun/2020:13:29:56 +0000] :File: ./src/main.c, Line: 00136:  cli->data_buf {
	"torrent_id":	"3313631334"
}
[14/Jun/2020:13:29:57 +0000] :File: ./src/main.c, Line: 00285:  process_msg 2006
[14/Jun/2020:13:29:57 +0000] :File: ./src/main.c, Line: 00136:  cli->data_buf {
	"torrent_id":	"3313631334"
}
[14/Jun/2020:13:30:00 +0000] :File: ./src/main.c, Line: 00285:  process_msg 2006
[14/Jun/2020:13:30:00 +0000] :File: ./src/main.c, Line: 00136:  cli->data_buf {
	"torrent_id":	"3313631334"
}
[14/Jun/2020:13:30:01 +0000] :File: ./src/main.c, Line: 00285:  process_msg 2006
[14/Jun/2020:13:30:01 +0000] :File: ./src/main.c, Line: 00136:  cli->data_buf {
	"torrent_id":	"3313631334"
}
[14/Jun/2020:13:30:02 +0000] :File: ./src/main.c, Line: 00285:  process_msg 2006
[14/Jun/2020:13:30:02 +0000] :File: ./src/main.c, Line: 00136:  cli->data_buf {
	"torrent_id":	"3313631334"
}
[14/Jun/2020:13:30:05 +0000] :File: ./src/main.c, Line: 00285:  process_msg 2006
[14/Jun/2020:13:30:05 +0000] :File: ./src/main.c, Line: 00136:  cli->data_buf {
	"torrent_id":	"3313631334"
}
[14/Jun/2020:13:30:07 +0000] :File: ./src/main.c, Line: 00285:  process_msg 2006
[14/Jun/2020:13:30:07 +0000] :File: ./src/main.c, Line: 00136:  cli->data_buf {
	"torrent_id":	"3313631334"
}
[14/Jun/2020:13:37:50 +0000] :File: ./src/socket.c, Line: 00179:  tcp bind port 20001
[14/Jun/2020:13:37:57 +0000] :File: ./src/main.c, Line: 00442:  client index: 0 total_connections: 1 maxi: 0 connfd ip: 127.0.0.1
[14/Jun/2020:13:38:04 +0000] :File: ./src/main.c, Line: 00285:  process_msg 2003
[14/Jun/2020:13:38:49 +0000] :File: ./src/main.c, Line: 00285:  process_msg 2003
[14/Jun/2020:13:39:19 +0000] :File: ./src/main.c, Line: 00285:  process_msg 2006
[14/Jun/2020:13:39:19 +0000] :File: ./src/main.c, Line: 00136:  cli->data_buf {
	"torrent_id":	"3473276963"
}
[14/Jun/2020:13:39:20 +0000] :File: ./src/main.c, Line: 00285:  process_msg 2006
[14/Jun/2020:13:39:20 +0000] :File: ./src/main.c, Line: 00136:  cli->data_buf {
	"torrent_id":	"3473277106"
}
[14/Jun/2020:13:39:21 +0000] :File: ./src/main.c, Line: 00285:  process_msg 2006
[14/Jun/2020:13:39:21 +0000] :File: ./src/main.c, Line: 00136:  cli->data_buf {
	"torrent_id":	"3473277106"
}
[14/Jun/2020:13:39:21 +0000] :File: ./src/main.c, Line: 00285:  process_msg 2006
[14/Jun/2020:13:39:21 +0000] :File: ./src/main.c, Line: 00136:  cli->data_buf {
	"torrent_id":	"3473277106"
}
[14/Jun/2020:13:39:22 +0000] :File: ./src/main.c, Line: 00285:  process_msg 2006
[14/Jun/2020:13:39:22 +0000] :File: ./src/main.c, Line: 00136:  cli->data_buf {
	"torrent_id":	"3473277106"
}
[14/Jun/2020:13:39:22 +0000] :File: ./src/main.c, Line: 00285:  process_msg 2006
[14/Jun/2020:13:39:22 +0000] :File: ./src/main.c, Line: 00136:  cli->data_buf {
	"torrent_id":	"3473277106"
}
[14/Jun/2020:13:39:22 +0000] :File: ./src/main.c, Line: 00285:  process_msg 2006
[14/Jun/2020:13:39:22 +0000] :File: ./src/main.c, Line: 00136:  cli->data_buf {
	"torrent_id":	"3473277106"
}
[14/Jun/2020:13:39:22 +0000] :File: ./src/main.c, Line: 00285:  process_msg 2006
[14/Jun/2020:13:39:22 +0000] :File: ./src/main.c, Line: 00136:  cli->data_buf {
	"torrent_id":	"3473277106"
}
[14/Jun/2020:13:39:25 +0000] :File: ./src/main.c, Line: 00285:  process_msg 2006
[14/Jun/2020:13:39:25 +0000] :File: ./src/main.c, Line: 00136:  cli->data_buf {
	"torrent_id":	"3473277106"
}
[14/Jun/2020:13:39:25 +0000] :File: ./src/main.c, Line: 00285:  process_msg 2006
[14/Jun/2020:13:39:25 +0000] :File: ./src/main.c, Line: 00136:  cli->data_buf {
	"torrent_id":	"3473277106"
}
[14/Jun/2020:13:39:25 +0000] :File: ./src/main.c, Line: 00285:  process_msg 2006
[14/Jun/2020:13:39:25 +0000] :File: ./src/main.c, Line: 00136:  cli->data_buf {
	"torrent_id":	"3473277106"
}
[14/Jun/2020:13:39:26 +0000] :File: ./src/main.c, Line: 00285:  process_msg 2006
[14/Jun/2020:13:39:26 +0000] :File: ./src/main.c, Line: 00136:  cli->data_buf {
	"torrent_id":	"3473277106"
}
[14/Jun/2020:13:39:26 +0000] :File: ./src/main.c, Line: 00285:  process_msg 2006
[14/Jun/2020:13:39:26 +0000] :File: ./src/main.c, Line: 00136:  cli->data_buf {
	"torrent_id":	"3473277106"
}
[14/Jun/2020:13:39:26 +0000] :File: ./src/main.c, Line: 00285:  process_msg 2006
[14/Jun/2020:13:39:26 +0000] :File: ./src/main.c, Line: 00136:  cli->data_buf {
	"torrent_id":	"3473277106"
}
[14/Jun/2020:13:39:26 +0000] :File: ./src/main.c, Line: 00285:  process_msg 2006
[14/Jun/2020:13:39:26 +0000] :File: ./src/main.c, Line: 00136:  cli->data_buf {
	"torrent_id":	"3473277106"
}
[14/Jun/2020:13:39:27 +0000] :File: ./src/main.c, Line: 00285:  process_msg 2006
[14/Jun/2020:13:39:27 +0000] :File: ./src/main.c, Line: 00136:  cli->data_buf {
	"torrent_id":	"3473277106"
}
[14/Jun/2020:13:39:27 +0000] :File: ./src/main.c, Line: 00285:  process_msg 2006
[14/Jun/2020:13:39:27 +0000] :File: ./src/main.c, Line: 00136:  cli->data_buf {
	"torrent_id":	"3473277106"
}
[14/Jun/2020:13:39:27 +0000] :File: ./src/main.c, Line: 00285:  process_msg 2006
[14/Jun/2020:13:39:27 +0000] :File: ./src/main.c, Line: 00136:  cli->data_buf {
	"torrent_id":	"3473277106"
}
[14/Jun/2020:13:39:27 +0000] :File: ./src/main.c, Line: 00285:  process_msg 2006
[14/Jun/2020:13:39:27 +0000] :File: ./src/main.c, Line: 00136:  cli->data_buf {
	"torrent_id":	"3473277106"
}
[14/Jun/2020:13:39:28 +0000] :File: ./src/main.c, Line: 00285:  process_msg 2006
[14/Jun/2020:13:39:28 +0000] :File: ./src/main.c, Line: 00136:  cli->data_buf {
	"torrent_id":	"3473277106"
}
[14/Jun/2020:13:39:28 +0000] :File: ./src/main.c, Line: 00285:  process_msg 2006
[14/Jun/2020:13:39:28 +0000] :File: ./src/main.c, Line: 00136:  cli->data_buf {
	"torrent_id":	"3473277106"
}
[14/Jun/2020:13:39:28 +0000] :File: ./src/main.c, Line: 00285:  process_msg 2006
[14/Jun/2020:13:39:28 +0000] :File: ./src/main.c, Line: 00136:  cli->data_buf {
	"torrent_id":	"3473277106"
}
[14/Jun/2020:13:39:29 +0000] :File: ./src/main.c, Line: 00285:  process_msg 2006
[14/Jun/2020:13:39:29 +0000] :File: ./src/main.c, Line: 00136:  cli->data_buf {
	"torrent_id":	"3473277106"
}
[14/Jun/2020:13:39:29 +0000] :File: ./src/main.c, Line: 00285:  process_msg 2006
[14/Jun/2020:13:39:29 +0000] :File: ./src/main.c, Line: 00136:  cli->data_buf {
	"torrent_id":	"3473277106"
}
[14/Jun/2020:13:39:30 +0000] :File: ./src/main.c, Line: 00285:  process_msg 2006
[14/Jun/2020:13:39:30 +0000] :File: ./src/main.c, Line: 00136:  cli->data_buf {
	"torrent_id":	"3473277106"
}
[14/Jun/2020:13:39:30 +0000] :File: ./src/main.c, Line: 00285:  process_msg 2006
[14/Jun/2020:13:39:30 +0000] :File: ./src/main.c, Line: 00136:  cli->data_buf {
	"torrent_id":	"3473277106"
}
[14/Jun/2020:13:39:31 +0000] :File: ./src/main.c, Line: 00285:  process_msg 2006
[14/Jun/2020:13:39:31 +0000] :File: ./src/main.c, Line: 00136:  cli->data_buf {
	"torrent_id":	"3473277106"
}
[14/Jun/2020:13:39:31 +0000] :File: ./src/main.c, Line: 00285:  process_msg 2006
[14/Jun/2020:13:39:31 +0000] :File: ./src/main.c, Line: 00136:  cli->data_buf {
	"torrent_id":	"3473277106"
}
[14/Jun/2020:13:39:32 +0000] :File: ./src/main.c, Line: 00285:  process_msg 2006
[14/Jun/2020:13:39:32 +0000] :File: ./src/main.c, Line: 00136:  cli->data_buf {
	"torrent_id":	"3473277106"
}
[14/Jun/2020:13:39:32 +0000] :File: ./src/main.c, Line: 00285:  process_msg 2006
[14/Jun/2020:13:39:32 +0000] :File: ./src/main.c, Line: 00136:  cli->data_buf {
	"torrent_id":	"3473277106"
}
[14/Jun/2020:13:39:33 +0000] :File: ./src/main.c, Line: 00285:  process_msg 2006
[14/Jun/2020:13:39:33 +0000] :File: ./src/main.c, Line: 00136:  cli->data_buf {
	"torrent_id":	"3473277106"
}
[14/Jun/2020:13:39:33 +0000] :File: ./src/main.c, Line: 00285:  process_msg 2006
[14/Jun/2020:13:39:33 +0000] :File: ./src/main.c, Line: 00136:  cli->data_buf {
	"torrent_id":	"3473277106"
}
[14/Jun/2020:13:39:33 +0000] :File: ./src/main.c, Line: 00285:  process_msg 2006
[14/Jun/2020:13:39:33 +0000] :File: ./src/main.c, Line: 00136:  cli->data_buf {
	"torrent_id":	"3473277106"
}
[14/Jun/2020:13:39:34 +0000] :File: ./src/main.c, Line: 00285:  process_msg 2006
[14/Jun/2020:13:39:34 +0000] :File: ./src/main.c, Line: 00136:  cli->data_buf {
	"torrent_id":	"3473277106"
}
[14/Jun/2020:13:39:34 +0000] :File: ./src/main.c, Line: 00285:  process_msg 2006
[14/Jun/2020:13:39:34 +0000] :File: ./src/main.c, Line: 00136:  cli->data_buf {
	"torrent_id":	"3473277106"
}
[14/Jun/2020:13:39:34 +0000] :File: ./src/main.c, Line: 00285:  process_msg 2006
[14/Jun/2020:13:39:34 +0000] :File: ./src/main.c, Line: 00136:  cli->data_buf {
	"torrent_id":	"3473277106"
}
[14/Jun/2020:13:39:35 +0000] :File: ./src/main.c, Line: 00285:  process_msg 2006
[14/Jun/2020:13:39:35 +0000] :File: ./src/main.c, Line: 00136:  cli->data_buf {
	"torrent_id":	"3473277106"
}
[14/Jun/2020:13:39:35 +0000] :File: ./src/main.c, Line: 00285:  process_msg 2006
[14/Jun/2020:13:39:35 +0000] :File: ./src/main.c, Line: 00136:  cli->data_buf {
	"torrent_id":	"3473277106"
}
[14/Jun/2020:13:39:35 +0000] :File: ./src/main.c, Line: 00285:  process_msg 2006
[14/Jun/2020:13:39:35 +0000] :File: ./src/main.c, Line: 00136:  cli->data_buf {
	"torrent_id":	"3473277106"
}
[14/Jun/2020:13:39:35 +0000] :File: ./src/main.c, Line: 00285:  process_msg 2006
[14/Jun/2020:13:39:35 +0000] :File: ./src/main.c, Line: 00136:  cli->data_buf {
	"torrent_id":	"3473277106"
}
[14/Jun/2020:13:39:36 +0000] :File: ./src/main.c, Line: 00285:  process_msg 2006
[14/Jun/2020:13:39:36 +0000] :File: ./src/main.c, Line: 00136:  cli->data_buf {
	"torrent_id":	"3473277106"
}
[14/Jun/2020:13:39:36 +0000] :File: ./src/main.c, Line: 00285:  process_msg 2006
[14/Jun/2020:13:39:36 +0000] :File: ./src/main.c, Line: 00136:  cli->data_buf {
	"torrent_id":	"3473277106"
}
[14/Jun/2020:13:39:36 +0000] :File: ./src/main.c, Line: 00285:  process_msg 2006
[14/Jun/2020:13:39:36 +0000] :File: ./src/main.c, Line: 00136:  cli->data_buf {
	"torrent_id":	"3473277106"
}
[14/Jun/2020:13:39:37 +0000] :File: ./src/main.c, Line: 00285:  process_msg 2006
[14/Jun/2020:13:39:37 +0000] :File: ./src/main.c, Line: 00136:  cli->data_buf {
	"torrent_id":	"3473277106"
}
[14/Jun/2020:13:39:37 +0000] :File: ./src/main.c, Line: 00285:  process_msg 2006
[14/Jun/2020:13:39:37 +0000] :File: ./src/main.c, Line: 00136:  cli->data_buf {
	"torrent_id":	"3473277106"
}
[14/Jun/2020:13:39:37 +0000] :File: ./src/main.c, Line: 00285:  process_msg 2006
[14/Jun/2020:13:39:37 +0000] :File: ./src/main.c, Line: 00136:  cli->data_buf {
	"torrent_id":	"3473277106"
}
[14/Jun/2020:13:39:38 +0000] :File: ./src/main.c, Line: 00285:  process_msg 2006
[14/Jun/2020:13:39:38 +0000] :File: ./src/main.c, Line: 00136:  cli->data_buf {
	"torrent_id":	"3473277106"
}
[14/Jun/2020:13:39:38 +0000] :File: ./src/main.c, Line: 00285:  process_msg 2006
[14/Jun/2020:13:39:38 +0000] :File: ./src/main.c, Line: 00136:  cli->data_buf {
	"torrent_id":	"3473277106"
}
[14/Jun/2020:13:39:38 +0000] :File: ./src/main.c, Line: 00285:  process_msg 2006
[14/Jun/2020:13:39:38 +0000] :File: ./src/main.c, Line: 00136:  cli->data_buf {
	"torrent_id":	"3473277106"
}
[14/Jun/2020:13:39:39 +0000] :File: ./src/main.c, Line: 00285:  process_msg 2006
[14/Jun/2020:13:39:39 +0000] :File: ./src/main.c, Line: 00136:  cli->data_buf {
	"torrent_id":	"3473277106"
}
[14/Jun/2020:13:39:39 +0000] :File: ./src/main.c, Line: 00285:  process_msg 2006
[14/Jun/2020:13:39:39 +0000] :File: ./src/main.c, Line: 00136:  cli->data_buf {
	"torrent_id":	"3473277106"
}
[14/Jun/2020:13:39:39 +0000] :File: ./src/main.c, Line: 00285:  process_msg 2006
[14/Jun/2020:13:39:39 +0000] :File: ./src/main.c, Line: 00136:  cli->data_buf {
	"torrent_id":	"3473277106"
}
[14/Jun/2020:13:39:40 +0000] :File: ./src/main.c, Line: 00285:  process_msg 2006
[14/Jun/2020:13:39:40 +0000] :File: ./src/main.c, Line: 00136:  cli->data_buf {
	"torrent_id":	"3473277106"
}
[14/Jun/2020:13:39:40 +0000] :File: ./src/main.c, Line: 00285:  process_msg 2006
[14/Jun/2020:13:39:40 +0000] :File: ./src/main.c, Line: 00136:  cli->data_buf {
	"torrent_id":	"3473277106"
}
[14/Jun/2020:13:39:40 +0000] :File: ./src/main.c, Line: 00285:  process_msg 2006
[14/Jun/2020:13:39:40 +0000] :File: ./src/main.c, Line: 00136:  cli->data_buf {
	"torrent_id":	"3473277106"
}
[14/Jun/2020:13:39:41 +0000] :File: ./src/main.c, Line: 00285:  process_msg 2006
[14/Jun/2020:13:39:41 +0000] :File: ./src/main.c, Line: 00136:  cli->data_buf {
	"torrent_id":	"3473277106"
}
[14/Jun/2020:13:39:41 +0000] :File: ./src/main.c, Line: 00285:  process_msg 2006
[14/Jun/2020:13:39:41 +0000] :File: ./src/main.c, Line: 00136:  cli->data_buf {
	"torrent_id":	"3473277106"
}
[14/Jun/2020:13:39:41 +0000] :File: ./src/main.c, Line: 00285:  process_msg 2006
[14/Jun/2020:13:39:41 +0000] :File: ./src/main.c, Line: 00136:  cli->data_buf {
	"torrent_id":	"3473277106"
}
[14/Jun/2020:13:39:42 +0000] :File: ./src/main.c, Line: 00285:  process_msg 2006
[14/Jun/2020:13:39:42 +0000] :File: ./src/main.c, Line: 00136:  cli->data_buf {
	"torrent_id":	"3473277106"
}
[14/Jun/2020:13:39:42 +0000] :File: ./src/main.c, Line: 00285:  process_msg 2006
[14/Jun/2020:13:39:42 +0000] :File: ./src/main.c, Line: 00136:  cli->data_buf {
	"torrent_id":	"3473277106"
}
[14/Jun/2020:13:39:42 +0000] :File: ./src/main.c, Line: 00285:  process_msg 2006
[14/Jun/2020:13:39:42 +0000] :File: ./src/main.c, Line: 00136:  cli->data_buf {
	"torrent_id":	"3473277106"
}
[14/Jun/2020:13:39:43 +0000] :File: ./src/main.c, Line: 00285:  process_msg 2006
[14/Jun/2020:13:39:43 +0000] :File: ./src/main.c, Line: 00136:  cli->data_buf {
	"torrent_id":	"3473277106"
}
[14/Jun/2020:13:39:43 +0000] :File: ./src/main.c, Line: 00285:  process_msg 2006
[14/Jun/2020:13:39:43 +0000] :File: ./src/main.c, Line: 00136:  cli->data_buf {
	"torrent_id":	"3473277106"
}
[14/Jun/2020:13:39:43 +0000] :File: ./src/main.c, Line: 00285:  process_msg 2006
[14/Jun/2020:13:39:43 +0000] :File: ./src/main.c, Line: 00136:  cli->data_buf {
	"torrent_id":	"3473277106"
}
[14/Jun/2020:13:39:44 +0000] :File: ./src/main.c, Line: 00285:  process_msg 2006
[14/Jun/2020:13:39:44 +0000] :File: ./src/main.c, Line: 00136:  cli->data_buf {
	"torrent_id":	"3473277106"
}
[14/Jun/2020:13:39:44 +0000] :File: ./src/main.c, Line: 00285:  process_msg 2006
[14/Jun/2020:13:39:44 +0000] :File: ./src/main.c, Line: 00136:  cli->data_buf {
	"torrent_id":	"3473277106"
}
[14/Jun/2020:13:39:44 +0000] :File: ./src/main.c, Line: 00285:  process_msg 2006
[14/Jun/2020:13:39:44 +0000] :File: ./src/main.c, Line: 00136:  cli->data_buf {
	"torrent_id":	"3473277106"
}
[14/Jun/2020:13:39:44 +0000] :File: ./src/main.c, Line: 00285:  process_msg 2006
[14/Jun/2020:13:39:44 +0000] :File: ./src/main.c, Line: 00136:  cli->data_buf {
	"torrent_id":	"3473277106"
}
[14/Jun/2020:13:39:45 +0000] :File: ./src/main.c, Line: 00285:  process_msg 2006
[14/Jun/2020:13:39:45 +0000] :File: ./src/main.c, Line: 00136:  cli->data_buf {
	"torrent_id":	"3473277106"
}
[14/Jun/2020:13:39:45 +0000] :File: ./src/main.c, Line: 00285:  process_msg 2006
[14/Jun/2020:13:39:45 +0000] :File: ./src/main.c, Line: 00136:  cli->data_buf {
	"torrent_id":	"3473277106"
}
[14/Jun/2020:13:39:45 +0000] :File: ./src/main.c, Line: 00285:  process_msg 2006
[14/Jun/2020:13:39:45 +0000] :File: ./src/main.c, Line: 00136:  cli->data_buf {
	"torrent_id":	"3473277106"
}
[14/Jun/2020:13:39:46 +0000] :File: ./src/main.c, Line: 00285:  process_msg 2006
[14/Jun/2020:13:39:46 +0000] :File: ./src/main.c, Line: 00136:  cli->data_buf {
	"torrent_id":	"3473277106"
}
[14/Jun/2020:13:39:46 +0000] :File: ./src/main.c, Line: 00285:  process_msg 2006
[14/Jun/2020:13:39:46 +0000] :File: ./src/main.c, Line: 00136:  cli->data_buf {
	"torrent_id":	"3473277106"
}
[14/Jun/2020:13:39:46 +0000] :File: ./src/main.c, Line: 00285:  process_msg 2006
[14/Jun/2020:13:39:46 +0000] :File: ./src/main.c, Line: 00136:  cli->data_buf {
	"torrent_id":	"3473277106"
}
[14/Jun/2020:13:39:47 +0000] :File: ./src/main.c, Line: 00285:  process_msg 2006
[14/Jun/2020:13:39:47 +0000] :File: ./src/main.c, Line: 00136:  cli->data_buf {
	"torrent_id":	"3473277106"
}
[14/Jun/2020:13:39:47 +0000] :File: ./src/main.c, Line: 00285:  process_msg 2006
[14/Jun/2020:13:39:47 +0000] :File: ./src/main.c, Line: 00136:  cli->data_buf {
	"torrent_id":	"3473277106"
}
[14/Jun/2020:13:39:47 +0000] :File: ./src/main.c, Line: 00285:  process_msg 2006
[14/Jun/2020:13:39:47 +0000] :File: ./src/main.c, Line: 00136:  cli->data_buf {
	"torrent_id":	"3473277106"
}
[14/Jun/2020:13:39:48 +0000] :File: ./src/main.c, Line: 00285:  process_msg 2006
[14/Jun/2020:13:39:48 +0000] :File: ./src/main.c, Line: 00136:  cli->data_buf {
	"torrent_id":	"3473277106"
}
[14/Jun/2020:13:39:48 +0000] :File: ./src/main.c, Line: 00285:  process_msg 2006
[14/Jun/2020:13:39:48 +0000] :File: ./src/main.c, Line: 00136:  cli->data_buf {
	"torrent_id":	"3473277106"
}
[14/Jun/2020:13:39:49 +0000] :File: ./src/main.c, Line: 00285:  process_msg 2006
[14/Jun/2020:13:39:49 +0000] :File: ./src/main.c, Line: 00136:  cli->data_buf {
	"torrent_id":	"3473277106"
}
[14/Jun/2020:13:39:49 +0000] :File: ./src/main.c, Line: 00285:  process_msg 2006
[14/Jun/2020:13:39:49 +0000] :File: ./src/main.c, Line: 00136:  cli->data_buf {
	"torrent_id":	"3473277106"
}
[14/Jun/2020:13:39:49 +0000] :File: ./src/main.c, Line: 00285:  process_msg 2006
[14/Jun/2020:13:39:49 +0000] :File: ./src/main.c, Line: 00136:  cli->data_buf {
	"torrent_id":	"3473277106"
}
[14/Jun/2020:13:39:53 +0000] :File: ./src/main.c, Line: 00285:  process_msg 2006
[14/Jun/2020:13:39:53 +0000] :File: ./src/main.c, Line: 00136:  cli->data_buf {
	"torrent_id":	"3473277106"
}
[14/Jun/2020:13:39:57 +0000] :File: ./src/main.c, Line: 00285:  process_msg 2006
[14/Jun/2020:13:39:57 +0000] :File: ./src/main.c, Line: 00136:  cli->data_buf {
	"torrent_id":	"3473277106"
}
[14/Jun/2020:13:39:58 +0000] :File: ./src/main.c, Line: 00285:  process_msg 2006
[14/Jun/2020:13:39:58 +0000] :File: ./src/main.c, Line: 00136:  cli->data_buf {
	"torrent_id":	"3473277106"
}
[14/Jun/2020:13:40:00 +0000] :File: ./src/main.c, Line: 00285:  process_msg 2006
[14/Jun/2020:13:40:00 +0000] :File: ./src/main.c, Line: 00136:  cli->data_buf {
	"torrent_id":	"3473277106"
}
[14/Jun/2020:13:40:00 +0000] :File: ./src/main.c, Line: 00285:  process_msg 2006
[14/Jun/2020:13:40:00 +0000] :File: ./src/main.c, Line: 00136:  cli->data_buf {
	"torrent_id":	"3473277106"
}
[14/Jun/2020:13:40:01 +0000] :File: ./src/main.c, Line: 00285:  process_msg 2006
[14/Jun/2020:13:40:01 +0000] :File: ./src/main.c, Line: 00136:  cli->data_buf {
	"torrent_id":	"3473277106"
}
[14/Jun/2020:13:40:02 +0000] :File: ./src/main.c, Line: 00285:  process_msg 2006
[14/Jun/2020:13:40:02 +0000] :File: ./src/main.c, Line: 00136:  cli->data_buf {
	"torrent_id":	"3473277106"
}
[14/Jun/2020:13:40:02 +0000] :File: ./src/main.c, Line: 00285:  process_msg 2006
[14/Jun/2020:13:40:02 +0000] :File: ./src/main.c, Line: 00136:  cli->data_buf {
	"torrent_id":	"3473277106"
}
[14/Jun/2020:13:40:02 +0000] :File: ./src/main.c, Line: 00285:  process_msg 2006
[14/Jun/2020:13:40:02 +0000] :File: ./src/main.c, Line: 00136:  cli->data_buf {
	"torrent_id":	"3473277106"
}
[14/Jun/2020:13:40:03 +0000] :File: ./src/main.c, Line: 00285:  process_msg 2006
[14/Jun/2020:13:40:03 +0000] :File: ./src/main.c, Line: 00136:  cli->data_buf {
	"torrent_id":	"3473277106"
}
[14/Jun/2020:13:40:03 +0000] :File: ./src/main.c, Line: 00285:  process_msg 2006
[14/Jun/2020:13:40:03 +0000] :File: ./src/main.c, Line: 00136:  cli->data_buf {
	"torrent_id":	"3473277106"
}
[14/Jun/2020:13:40:04 +0000] :File: ./src/main.c, Line: 00285:  process_msg 2006
[14/Jun/2020:13:40:04 +0000] :File: ./src/main.c, Line: 00136:  cli->data_buf {
	"torrent_id":	"3473277106"
}
[14/Jun/2020:13:40:04 +0000] :File: ./src/main.c, Line: 00285:  process_msg 2006
[14/Jun/2020:13:40:04 +0000] :File: ./src/main.c, Line: 00136:  cli->data_buf {
	"torrent_id":	"3473277106"
}
[14/Jun/2020:13:40:05 +0000] :File: ./src/main.c, Line: 00285:  process_msg 2006
[14/Jun/2020:13:40:05 +0000] :File: ./src/main.c, Line: 00136:  cli->data_buf {
	"torrent_id":	"3473277106"
}
[14/Jun/2020:13:40:05 +0000] :File: ./src/main.c, Line: 00285:  process_msg 2006
[14/Jun/2020:13:40:05 +0000] :File: ./src/main.c, Line: 00136:  cli->data_buf {
	"torrent_id":	"3473277106"
}
[15/Jun/2020:03:31:21 +0000] :File: ./src/socket.c, Line: 00179:  tcp bind port 50022
[15/Jun/2020:03:31:29 +0000] :File: ./src/socket.c, Line: 00179:  tcp bind port 50022
[15/Jun/2020:03:32:00 +0000] :File: ./src/socket.c, Line: 00179:  tcp bind port 50022
[15/Jun/2020:03:32:18 +0000] :File: ./src/socket.c, Line: 00179:  tcp bind port 50022
[15/Jun/2020:03:33:07 +0000] :File: ./src/socket.c, Line: 00179:  tcp bind port 50022
[15/Jun/2020:03:34:50 +0000] :File: ./src/socket.c, Line: 00179:  tcp bind port 50022
